
 Program  MARK  - Survival Rate Estimation with Capture-Recapture Data
 gfortran(dble/PIM2) Vers. 11.1 Nov 2024  16-Dec-2024 13:08:43    Page  001
  
 - - - - - - - - - - - - - - - - - - - - - - - - - - - - - - - - - - - - - -
 
 Welcome to MARK steph on machine MSI in subdirectory 
 "C:\Users\steph\My Drive\UBC files\PhD\Pumpstations\analysis\Pumps 2024" running file "mark016.inp".
 This version was compiled by GCC version 14.2.0 using the options: 
  -cpp -iprefix C:/tdm-gcc-64/mingw64-14-2/bin/../lib/gcc/
  x86_64-w64-mingw32/14.2.0/ -D_MT -D_REENTRANT -U_REENTRANT -D
  dbleprecision -m64 -march=x86-64 -mtune=generic -mthreads -O3 -std=f2023
  -fimplicit-none -ffpe-summary=invalid,zero,overflow,underflow
  -funroll-loops -fno-unsafe-math-optimizations -frounding-math
  -fsignaling-nans -fall-intrinsics -fopenmp

 This problem will use 15 of 16 possible threads.
 Static thread allocation is used.
 Schedule kind is omp_sched_dynamic with chunk size 1
 INPUT --- proc title ;

 For procedure title CPU Time was 0.001 secs and System Time was 0.001 secs.
 INPUT --- proc chmatrix occasions= 7 groups= 2 etype= Live Nodes= 101 
 INPUT --- ICMeans NoHist hist= 38 ;
 INPUT ---    time interval 1 1 1 1 1 1 ;
 INPUT ---    glabel(1)=release0;
 INPUT ---    glabel(2)=release1;

   * *  WARNING  * *   At least a pair of the encounter histories are duplicates. 

      Number of unique encounter histories read was 25.

      Number of individual covariates read was 0.
      Time interval lengths are all equal to 1.

      Data type number is 1
      Data type is Live Recaptures (CJS)

 For procedure chmatrix CPU Time was 0.001 secs and System Time was 0.001 secs.

Program  MARK  - Survival Rate Estimation with Capture-Recapture Data
 gfortran(dble/PIM2) Vers. 11.1 Nov 2024  16-Dec-2024 13:08:43    Page  002
 - - - - - - - - - - - - - - - - - - - - - - - - - - - - - - - - - - - - - -
 


 INPUT --- proc estimate link=Logit NOLOOP varest=2ndPart    ;
 INPUT --- model={ Phi(~1)p(~1) };
 INPUT ---    group=1 Phi    rows=6 cols=6 Triang ;
 INPUT ---        1 1 1 1 1 1 ;
 INPUT ---        1 1 1 1 1 ;
 INPUT ---        1 1 1 1 ;
 INPUT ---        1 1 1 ;
 INPUT ---        1 1 ;
 INPUT ---        1 ;
 INPUT ---    group=2 Phi    rows=6 cols=6 Triang ;
 INPUT ---        1 1 1 1 1 1 ;
 INPUT ---        1 1 1 1 1 ;
 INPUT ---        1 1 1 1 ;
 INPUT ---        1 1 1 ;
 INPUT ---        1 1 ;
 INPUT ---        1 ;
 INPUT ---    group=1 p    rows=6 cols=6 Triang ;
 INPUT ---        2 2 2 2 2 2 ;
 INPUT ---        2 2 2 2 2 ;
 INPUT ---        2 2 2 2 ;
 INPUT ---        2 2 2 ;
 INPUT ---        2 2 ;
 INPUT ---        2 ;
 INPUT ---    group=2 p    rows=6 cols=6 Triang ;
 INPUT ---        2 2 2 2 2 2 ;
 INPUT ---        2 2 2 2 2 ;
 INPUT ---        2 2 2 2 ;
 INPUT ---        2 2 2 ;
 INPUT ---        2 2 ;
 INPUT ---        2 ;
 INPUT ---    design matrix constraints=2 covariates=2 identity;
 INPUT ---       blabel(1)=Phi:(Intercept);
 INPUT ---       blabel(2)=p:(Intercept);
 INPUT ---       rlabel(1)=Phi g0 c1 a0 t1;
 INPUT ---       rlabel(2)=p g0 c1 a1 t2;
   Model is { Phi(~1)p(~1) }

 Link Function Used is LOGIT        

 Variance Estimation Procedure Used is 2ndPart 
 -2logL(saturated) = 706.45596     
 Effective Sample Size = 556

 Number of function evaluations was 10 for 2 parameters.
 For numerical optimization, CPU Time was 0.016 secs and System Time was 0.016 secs.
 -2logL { Phi(~1)p(~1) } = 1054.5810     
 Penalty { Phi(~1)p(~1) } = 0.0000000     

Program  MARK  - Survival Rate Estimation with Capture-Recapture Data
 gfortran(dble/PIM2) Vers. 11.1 Nov 2024  16-Dec-2024 13:08:43    Page  003
 - - - - - - - - - - - - - - - - - - - - - - - - - - - - - - - - - - - - - -
 
 Gradient { Phi(~1)p(~1) }:
   0.0000      6.68798E-06
 Maximum ABS(G) { Phi(~1)p(~1) } =  6.68798E-06
 To compute VC matrix, CPU Time was 0.001 secs and System Time was 0.001 secs.
 S Vector { Phi(~1)p(~1) }:
   126.5845      48.23438    
 To invert VC matrix, CPU Time was 0.001 secs and System Time was 0.001 secs.
 Gap Method for Num. of Estimated Parameters { Phi(~1)p(~1) } = 2          
 Threshold { Phi(~1)p(~1) } = 0.1337596E-04           
 Numerical Threshold Method for Num. of Estimated Parameters { Phi(~1)p(~1) } = 2          
 Number of Estimated Parameters { Phi(~1)p(~1) } = 2          
 DEVIANCE { Phi(~1)p(~1) } = 348.12502               
 DEVIANCE Degrees of Freedom { Phi(~1)p(~1) } = 34          
 c-hat { Phi(~1)p(~1) } = 10.238971               
 AIC { Phi(~1)p(~1) } = 1058.5810               
 AICc { Phi(~1)p(~1) } = 1058.6027               
 BIC { Phi(~1)p(~1) } = 1067.2225               
 Pearson Chisquare { Phi(~1)p(~1) } = 478.74936               
 Possible Encounter Histories { Phi(~1)p(~1) } = 128          
 Pearson Chisquare df { Phi(~1)p(~1) } = 124          
 Pearson chat { Phi(~1)p(~1) } = 3.8608819               
 Sum(Observed/Expected) { Phi(~1)p(~1) } = 153.11404               
 s-bar { Phi(~1)p(~1) } = 0.1993178               
 Fletcher chat { Phi(~1)p(~1) } = 3.2192318               


                    LOGIT Link Function Parameters of { Phi(~1)p(~1) }
                                                              95% Confidence Interval
    Parameter                  Beta         Standard Error     Lower           Upper
 -------------------------  --------------  --------------  --------------  --------------
    1:Phi:(Intercept)        0.9011910       0.0911789       0.7224804       1.0799017    
    2:p:(Intercept)          1.2815247       0.1425425       1.0021414       1.5609080    


                       Real Function Parameters of { Phi(~1)p(~1) }
                                                               95% Confidence Interval
     Parameter                Estimate       Standard Error     Lower           Upper
 --------------------------  --------------  --------------  --------------  --------------
     1:Phi g0 c1 a0 t1        0.7111942       0.0187279       0.6731530       0.7464754       
     2:p g0 c1 a1 t2          0.7827092       0.0242430       0.7314794       0.8264836       

Program  MARK  - Survival Rate Estimation with Capture-Recapture Data
 gfortran(dble/PIM2) Vers. 11.1 Nov 2024  16-Dec-2024 13:08:43    Page  004
 - - - - - - - - - - - - - - - - - - - - - - - - - - - - - - - - - - - - - -
 

 To compute parameter estimates, CPU Time was 0.001 secs and System Time was 0.062 secs.

 For procedure estimate CPU Time was 0.016 secs and System Time was 0.078 secs.
 INPUT --- proc stop;

 For this job, CPU Time in mins was 0.001 and System Time in mins was 0.002.

     Time Start = 13:08:43.517   Time End = 13:08:43.634

 Wall Clock Time in mins for this job was 0.002.

 Maximum of 19 words used of 2048 words allocated.


          E X E C U T I O N   S U C C E S S F U L
