
 Program  MARK  - Survival Rate Estimation with Capture-Recapture Data
 gfortran(dble/PIM2) Vers. 11.1 Nov 2024  11-Dec-2024 15:30:55    Page  001
  
 - - - - - - - - - - - - - - - - - - - - - - - - - - - - - - - - - - - - - -
 
 Welcome to MARK steph on machine MSI in subdirectory 
 "C:\Users\steph\My Drive\UBC files\PhD\Pumpstations\analysis\Pumps 2024" running file "mark005.inp".
 This version was compiled by GCC version 14.2.0 using the options: 
  -cpp -iprefix C:/tdm-gcc-64/mingw64-14-2/bin/../lib/gcc/
  x86_64-w64-mingw32/14.2.0/ -D_MT -D_REENTRANT -U_REENTRANT -D
  dbleprecision -m64 -march=x86-64 -mtune=generic -mthreads -O3 -std=f2023
  -fimplicit-none -ffpe-summary=invalid,zero,overflow,underflow
  -funroll-loops -fno-unsafe-math-optimizations -frounding-math
  -fsignaling-nans -fall-intrinsics -fopenmp

 This problem will use 15 of 16 possible threads.
 Static thread allocation is used.
 Schedule kind is omp_sched_dynamic with chunk size 1
 INPUT --- proc title ;

 For procedure title CPU Time was 0.001 secs and System Time was 0.001 secs.
 INPUT --- proc chmatrix occasions= 7 groups= 2 etype= Live Nodes= 101 
 INPUT --- ICMeans NoHist hist= 40 ;
 INPUT ---    time interval 1 1 1 1 1 1 ;
 INPUT ---    glabel(1)=release0;
 INPUT ---    glabel(2)=release1;

   * *  WARNING  * *   At least a pair of the encounter histories are duplicates. 

      Number of unique encounter histories read was 27.

      Number of individual covariates read was 0.
      Time interval lengths are all equal to 1.

      Data type number is 1
      Data type is Live Recaptures (CJS)

 For procedure chmatrix CPU Time was 0.001 secs and System Time was 0.001 secs.

Program  MARK  - Survival Rate Estimation with Capture-Recapture Data
 gfortran(dble/PIM2) Vers. 11.1 Nov 2024  11-Dec-2024 15:30:55    Page  002
 - - - - - - - - - - - - - - - - - - - - - - - - - - - - - - - - - - - - - -
 


 INPUT --- proc estimate link=Logit NOLOOP varest=2ndPart    ;
 INPUT --- model={ Phi(~-1 + release)p(~-1 + time) };
 INPUT ---    group=1 Phi    rows=6 cols=6 Triang ;
 INPUT ---        1 1 1 1 1 1 ;
 INPUT ---        1 1 1 1 1 ;
 INPUT ---        1 1 1 1 ;
 INPUT ---        1 1 1 ;
 INPUT ---        1 1 ;
 INPUT ---        1 ;
 INPUT ---    group=2 Phi    rows=6 cols=6 Triang ;
 INPUT ---        2 2 2 2 2 2 ;
 INPUT ---        2 2 2 2 2 ;
 INPUT ---        2 2 2 2 ;
 INPUT ---        2 2 2 ;
 INPUT ---        2 2 ;
 INPUT ---        2 ;
 INPUT ---    group=1 p    rows=6 cols=6 Triang ;
 INPUT ---        3 4 5 6 7 8 ;
 INPUT ---        4 5 6 7 8 ;
 INPUT ---        5 6 7 8 ;
 INPUT ---        6 7 8 ;
 INPUT ---        7 8 ;
 INPUT ---        8 ;
 INPUT ---    group=2 p    rows=6 cols=6 Triang ;
 INPUT ---        3 4 5 6 7 8 ;
 INPUT ---        4 5 6 7 8 ;
 INPUT ---        5 6 7 8 ;
 INPUT ---        6 7 8 ;
 INPUT ---        7 8 ;
 INPUT ---        8 ;
 INPUT ---    design matrix constraints=8 covariates=8 identity;
 INPUT ---       blabel(1)=Phi:release0;
 INPUT ---       blabel(2)=Phi:release1;
 INPUT ---       blabel(3)=p:time2;
 INPUT ---       blabel(4)=p:time3;
 INPUT ---       blabel(5)=p:time4;
 INPUT ---       blabel(6)=p:time5;
 INPUT ---       blabel(7)=p:time6;
 INPUT ---       blabel(8)=p:time7;
 INPUT ---       rlabel(1)=Phi g0 c1 a0 t1;
 INPUT ---       rlabel(2)=Phi g1 c1 a0 t1;
 INPUT ---       rlabel(3)=p g0 c1 a1 t2;
 INPUT ---       rlabel(4)=p g0 c1 a2 t3;
 INPUT ---       rlabel(5)=p g0 c1 a3 t4;

Program  MARK  - Survival Rate Estimation with Capture-Recapture Data
 gfortran(dble/PIM2) Vers. 11.1 Nov 2024  11-Dec-2024 15:30:55    Page  003
 - - - - - - - - - - - - - - - - - - - - - - - - - - - - - - - - - - - - - -
 
 INPUT ---       rlabel(6)=p g0 c1 a4 t5;
 INPUT ---       rlabel(7)=p g0 c1 a5 t6;
 INPUT ---       rlabel(8)=p g0 c1 a6 t7;
   Model is { Phi(~-1 + release)p(~-1 + time) }

 Link Function Used is LOGIT        

 Variance Estimation Procedure Used is 2ndPart 
 -2logL(saturated) = 683.18510     
 Effective Sample Size = 555

 Number of function evaluations was 45 for 8 parameters.
 For numerical optimization, CPU Time was 0.016 secs and System Time was 0.110 secs.
 -2logL { Phi(~-1 + release)p(~-1 + time) } = 871.28235     
 Penalty { Phi(~-1 + release)p(~-1 + time) } = 0.0000000     
 Gradient { Phi(~-1 + release)p(~-1 + time) }:
  9.62871E-06 -2.17819E-05   0.0000      5.14003E-06   0.0000    
  4.05504E-06   0.0000      3.63099E-06
 Maximum ABS(G) { Phi(~-1 + release)p(~-1 + time) } =  2.17819E-05
 To compute VC matrix, CPU Time was 0.001 secs and System Time was 0.093 secs.
 S Vector { Phi(~-1 + release)p(~-1 + time) }:
   44.01215      37.62211      28.79279      20.02679      15.55308    
   10.62188      1.971090     0.2541306E-07
 To invert VC matrix, CPU Time was 0.001 secs and System Time was 0.001 secs.
 Ratio Threshold = 50.00 Max Gap (7/8) = 7.7562E+7 Next Max Gap (6/7) = 5.389
 Gap Method for Num. of Estimated Parameters { Phi(~-1 + release)p(~-1 + time) } = 7          
 Threshold { Phi(~-1 + release)p(~-1 + time) } = 0.4356387E-04           
 Numerical Threshold Method for Num. of Estimated Parameters { Phi(~-1 + release)p(~-1 + time) } = 7          
 Number of Estimated Parameters { Phi(~-1 + release)p(~-1 + time) } = 7          
 DEVIANCE { Phi(~-1 + release)p(~-1 + time) } = 188.09726               
 DEVIANCE Degrees of Freedom { Phi(~-1 + release)p(~-1 + time) } = 29          
 c-hat { Phi(~-1 + release)p(~-1 + time) } = 6.4861123               
 AIC { Phi(~-1 + release)p(~-1 + time) } = 885.28235               
 AICc { Phi(~-1 + release)p(~-1 + time) } = 885.48711               
 BIC { Phi(~-1 + release)p(~-1 + time) } = 915.51513               
 Pearson Chisquare { Phi(~-1 + release)p(~-1 + time) } = 196.19379               
 Possible Encounter Histories { Phi(~-1 + release)p(~-1 + time) } = 176          
 Pearson Chisquare df { Phi(~-1 + release)p(~-1 + time) } = 165          
 Pearson chat { Phi(~-1 + release)p(~-1 + time) } = 1.1890533               
 Sum(Observed/Expected) { Phi(~-1 + release)p(~-1 + time) } = 98.885280               
 s-bar { Phi(~-1 + release)p(~-1 + time) } = -0.4483414              
 Fletcher chat { Phi(~-1 + release)p(~-1 + time) } = 2.1554151               

Program  MARK  - Survival Rate Estimation with Capture-Recapture Data
 gfortran(dble/PIM2) Vers. 11.1 Nov 2024  11-Dec-2024 15:30:55    Page  004
 - - - - - - - - - - - - - - - - - - - - - - - - - - - - - - - - - - - - - -
 
          LOGIT Link Function Parameters of { Phi(~-1 + release)p(~-1 + time) }
                                                              95% Confidence Interval
    Parameter                  Beta         Standard Error     Lower           Upper
 -------------------------  --------------  --------------  --------------  --------------
    1:Phi:release0           1.3770762       0.2330678       0.9202633       1.8338890    
    2:Phi:release1           1.4518371       0.2407561       0.9799552       1.9237190    
    3:p:time2                24.008978       6272.9453      -12270.964       12318.982    
    4:p:time3               -0.4843083       0.2173506      -0.9103156      -0.0583011    
    5:p:time4               -0.3147540       0.3032225      -0.9090701       0.2795621    
    6:p:time5               -0.8814596       0.3444955      -1.5566709      -0.2062484    
    7:p:time6               -0.3358193       0.4522375      -1.2222049       0.5505662    
    8:p:time7               -1.1011868       0.4744204      -2.0310508      -0.1713228    


             Real Function Parameters of { Phi(~-1 + release)p(~-1 + time) }
                                                               95% Confidence Interval
     Parameter                Estimate       Standard Error     Lower           Upper
 --------------------------  --------------  --------------  --------------  --------------
     1:Phi g0 c1 a0 t1        0.7985210       0.0374972       0.7150958       0.8622244       
     2:Phi g1 c1 a0 t1        0.8102810       0.0370104       0.7270993       0.8725526       
     3:p g0 c1 a1 t2          1.0000000       0.2346950E-06   0.9999995       1.0000005       
     4:p g0 c1 a2 t3          0.3812353       0.0512719       0.2869353       0.4854289       
     5:p g0 c1 a3 t4          0.4219548       0.0739587       0.2871902       0.5694389       
     6:p g0 c1 a4 t5          0.2928754       0.0713448       0.1741249       0.4486199       
     7:p g0 c1 a5 t6          0.4168254       0.1099308       0.2275487       0.6342670       
     8:p g0 c1 a6 t7          0.2495176       0.0888393       0.1159811       0.4572738       

 To compute parameter estimates, CPU Time was 0.001 secs and System Time was 0.079 secs.

 Attempted ordering of parameters by estimatibility:
  1 2 4 5 6 7 8 3
 Beta number 3 is a singular value.

 For procedure estimate CPU Time was 0.016 secs and System Time was 0.297 secs.

Program  MARK  - Survival Rate Estimation with Capture-Recapture Data
 gfortran(dble/PIM2) Vers. 11.1 Nov 2024  11-Dec-2024 15:30:55    Page  005
 - - - - - - - - - - - - - - - - - - - - - - - - - - - - - - - - - - - - - -
 


 INPUT --- proc stop;

 For this job, CPU Time in mins was 0.001 and System Time in mins was 0.005.

     Time Start = 15:30:55.067   Time End = 15:30:55.377

 Wall Clock Time in mins for this job was 0.005.

 Maximum of 19 words used of 2048 words allocated.


          E X E C U T I O N   S U C C E S S F U L
