
 Program  MARK  - Survival Rate Estimation with Capture-Recapture Data
 gfortran(dble/PIM2) Vers. 11.1 Nov 2024  16-Dec-2024 13:08:47    Page  001
  
 - - - - - - - - - - - - - - - - - - - - - - - - - - - - - - - - - - - - - -
 
 Welcome to MARK steph on machine MSI in subdirectory 
 "C:\Users\steph\My Drive\UBC files\PhD\Pumpstations\analysis\Pumps 2024" running file "mark017.inp".
 This version was compiled by GCC version 14.2.0 using the options: 
  -cpp -iprefix C:/tdm-gcc-64/mingw64-14-2/bin/../lib/gcc/
  x86_64-w64-mingw32/14.2.0/ -D_MT -D_REENTRANT -U_REENTRANT -D
  dbleprecision -m64 -march=x86-64 -mtune=generic -mthreads -O3 -std=f2023
  -fimplicit-none -ffpe-summary=invalid,zero,overflow,underflow
  -funroll-loops -fno-unsafe-math-optimizations -frounding-math
  -fsignaling-nans -fall-intrinsics -fopenmp

 This problem will use 15 of 16 possible threads.
 Static thread allocation is used.
 Schedule kind is omp_sched_dynamic with chunk size 1
 INPUT --- proc title ;

 For procedure title CPU Time was 0.001 secs and System Time was 0.001 secs.
 INPUT --- proc chmatrix occasions= 7 groups= 2 etype= Live Nodes= 101 
 INPUT --- ICMeans NoHist hist= 38 ;
 INPUT ---    time interval 1 1 1 1 1 1 ;
 INPUT ---    glabel(1)=release0;
 INPUT ---    glabel(2)=release1;

   * *  WARNING  * *   At least a pair of the encounter histories are duplicates. 

      Number of unique encounter histories read was 25.

      Number of individual covariates read was 0.
      Time interval lengths are all equal to 1.

      Data type number is 1
      Data type is Live Recaptures (CJS)

 For procedure chmatrix CPU Time was 0.016 secs and System Time was 0.015 secs.

Program  MARK  - Survival Rate Estimation with Capture-Recapture Data
 gfortran(dble/PIM2) Vers. 11.1 Nov 2024  16-Dec-2024 13:08:47    Page  002
 - - - - - - - - - - - - - - - - - - - - - - - - - - - - - - - - - - - - - -
 


 INPUT --- proc estimate link=Logit NOLOOP varest=2ndPart    ;
 INPUT --- model={ Phi(~release)p(~1) };
 INPUT ---    group=1 Phi    rows=6 cols=6 Triang ;
 INPUT ---        1 1 1 1 1 1 ;
 INPUT ---        1 1 1 1 1 ;
 INPUT ---        1 1 1 1 ;
 INPUT ---        1 1 1 ;
 INPUT ---        1 1 ;
 INPUT ---        1 ;
 INPUT ---    group=2 Phi    rows=6 cols=6 Triang ;
 INPUT ---        2 2 2 2 2 2 ;
 INPUT ---        2 2 2 2 2 ;
 INPUT ---        2 2 2 2 ;
 INPUT ---        2 2 2 ;
 INPUT ---        2 2 ;
 INPUT ---        2 ;
 INPUT ---    group=1 p    rows=6 cols=6 Triang ;
 INPUT ---        3 3 3 3 3 3 ;
 INPUT ---        3 3 3 3 3 ;
 INPUT ---        3 3 3 3 ;
 INPUT ---        3 3 3 ;
 INPUT ---        3 3 ;
 INPUT ---        3 ;
 INPUT ---    group=2 p    rows=6 cols=6 Triang ;
 INPUT ---        3 3 3 3 3 3 ;
 INPUT ---        3 3 3 3 3 ;
 INPUT ---        3 3 3 3 ;
 INPUT ---        3 3 3 ;
 INPUT ---        3 3 ;
 INPUT ---        3 ;
 INPUT ---    design matrix constraints=3 covariates=3;
 INPUT ---        1 0 0;
 INPUT ---        1 1 0;
 INPUT ---        0 0 1;
 INPUT ---       blabel(1)=Phi:(Intercept);
 INPUT ---       blabel(2)=Phi:release1;
 INPUT ---       blabel(3)=p:(Intercept);
 INPUT ---       rlabel(1)=Phi g0 c1 a0 t1;
 INPUT ---       rlabel(2)=Phi g1 c1 a0 t1;
 INPUT ---       rlabel(3)=p g0 c1 a1 t2;
   Model is { Phi(~release)p(~1) }

 Link Function Used is LOGIT        

 Variance Estimation Procedure Used is 2ndPart 

Program  MARK  - Survival Rate Estimation with Capture-Recapture Data
 gfortran(dble/PIM2) Vers. 11.1 Nov 2024  16-Dec-2024 13:08:47    Page  003
 - - - - - - - - - - - - - - - - - - - - - - - - - - - - - - - - - - - - - -
 
 -2logL(saturated) = 706.45596     
 Effective Sample Size = 556

 Number of function evaluations was 12 for 3 parameters.
 For numerical optimization, CPU Time was 0.001 secs and System Time was 0.016 secs.
 -2logL { Phi(~release)p(~1) } = 1054.3017     
 Penalty { Phi(~release)p(~1) } = 0.0000000     
 Gradient { Phi(~release)p(~1) }:
 -8.22770E-06   0.0000       0.0000    
 Maximum ABS(G) { Phi(~release)p(~1) } =  8.22770E-06
 To compute VC matrix, CPU Time was 0.001 secs and System Time was 0.001 secs.
 S Vector { Phi(~release)p(~1) }:
   162.4139      48.74716      23.88981    
 To invert VC matrix, CPU Time was 0.001 secs and System Time was 0.001 secs.
 Ratio Threshold = 50.00 Max Gap (1/2) = 3.332 Next Max Gap (1/2) = 3.332
 Gap Method for Num. of Estimated Parameters { Phi(~release)p(~1) } = 3          
 Threshold { Phi(~release)p(~1) } = 0.1645541E-04           
 Numerical Threshold Method for Num. of Estimated Parameters { Phi(~release)p(~1) } = 3          
 Number of Estimated Parameters { Phi(~release)p(~1) } = 3          
 DEVIANCE { Phi(~release)p(~1) } = 347.84572               
 DEVIANCE Degrees of Freedom { Phi(~release)p(~1) } = 33          
 c-hat { Phi(~release)p(~1) } = 10.540779               
 AIC { Phi(~release)p(~1) } = 1060.3017               
 AICc { Phi(~release)p(~1) } = 1060.3452               
 BIC { Phi(~release)p(~1) } = 1073.2640               
 Pearson Chisquare { Phi(~release)p(~1) } = 470.90934               
 Possible Encounter Histories { Phi(~release)p(~1) } = 128          
 Pearson Chisquare df { Phi(~release)p(~1) } = 123          
 Pearson chat { Phi(~release)p(~1) } = 3.8285312               
 Sum(Observed/Expected) { Phi(~release)p(~1) } = 149.22062               
 s-bar { Phi(~release)p(~1) } = 0.1684176               
 Fletcher chat { Phi(~release)p(~1) } = 3.2766806               


                 LOGIT Link Function Parameters of { Phi(~release)p(~1) }
                                                              95% Confidence Interval
    Parameter                  Beta         Standard Error     Lower           Upper
 -------------------------  --------------  --------------  --------------  --------------
    1:Phi:(Intercept)        0.8545625       0.1262565       0.6070998       1.1020252    
    2:Phi:release1           0.0949371       0.1796956      -0.2572662       0.4471404    
    3:p:(Intercept)          1.2813952       0.1424738       1.0021466       1.5606438    

Program  MARK  - Survival Rate Estimation with Capture-Recapture Data
 gfortran(dble/PIM2) Vers. 11.1 Nov 2024  16-Dec-2024 13:08:47    Page  004
 - - - - - - - - - - - - - - - - - - - - - - - - - - - - - - - - - - - - - -
 
                    Real Function Parameters of { Phi(~release)p(~1) }
                                                               95% Confidence Interval
     Parameter                Estimate       Standard Error     Lower           Upper
 --------------------------  --------------  --------------  --------------  --------------
     1:Phi g0 c1 a0 t1        0.7015234       0.0264366       0.6472790       0.7506394       
     2:Phi g1 c1 a0 t1        0.7210145       0.0261151       0.6670867       0.7692287       
     3:p g0 c1 a1 t2          0.7826872       0.0242331       0.7314804       0.8264457       

 To compute parameter estimates, CPU Time was 0.001 secs and System Time was 0.001 secs.

 For procedure estimate CPU Time was 0.001 secs and System Time was 0.078 secs.
 INPUT --- proc stop;

 For this job, CPU Time in mins was 0.001 and System Time in mins was 0.002.

     Time Start = 13:08:47.099   Time End = 13:08:47.216

 Wall Clock Time in mins for this job was 0.002.

 Maximum of 19 words used of 2048 words allocated.


          E X E C U T I O N   S U C C E S S F U L
